-------------------------------------------------------------------------------
Test set: BonusServiceTest
-------------------------------------------------------------------------------
Tests run: 4, Failures: 2, Errors: 0, Skipped: 0, Time elapsed: 0.036 s <<< FAILURE! - in BonusServiceTest
shouldCalculateNonRegisteredAndUnderLimit  Time elapsed: 0.029 s  <<< FAILURE!
org.opentest4j.AssertionFailedError: expected: <100> but was: <10>
	at BonusServiceTest.shouldCalculateNonRegisteredAndUnderLimit(BonusServiceTest.java:34)

shouldCalculateNonRegisteredAndOverLimit  Time elapsed: 0.001 s  <<< FAILURE!
org.opentest4j.AssertionFailedError: expected: <50> but was: <500>
	at BonusServiceTest.shouldCalculateNonRegisteredAndOverLimit(BonusServiceTest.java:44)

